2021-04-07 17:27:51.970 [main] INFO  com.CMD.ui.main.Main - CMD Team Collation App launched on 07-04-2021 05:27:51 PM
2021-04-07 17:28:11.869 [JavaFX Application Thread] INFO  com.CMD.encryption.EncryptionUtil - Preparing new cipher setup
2021-04-07 17:28:12.186 [JavaFX Application Thread] INFO  com.CMD.encryption.EncryptionUtil - Clearing existing encryption info
2021-04-07 17:28:12.193 [JavaFX Application Thread] INFO  com.CMD.encryption.EncryptionUtil - Added new encryption setup
2021-04-07 17:28:12.193 [JavaFX Application Thread] INFO  com.CMD.database.DataBaseHandler - Mail server info loaded from DB
2021-04-07 17:28:12.218 [JavaFX Application Thread] INFO  com.CMD.exceptions.ExceptionUtil - javax.crypto.BadPaddingException: Given final block not properly padded. Such issues can arise if a bad key is used during decryption.
2021-04-07 17:28:12.218 [JavaFX Application Thread] INFO  com.CMD.exceptions.ExceptionUtil - 	at com.sun.crypto.provider.CipherCore.unpad(CipherCore.java:975)
2021-04-07 17:28:12.219 [JavaFX Application Thread] INFO  com.CMD.exceptions.ExceptionUtil - 	at com.sun.crypto.provider.CipherCore.fillOutputBuffer(CipherCore.java:1056)
2021-04-07 17:28:12.219 [JavaFX Application Thread] INFO  com.CMD.exceptions.ExceptionUtil - 	at com.sun.crypto.provider.CipherCore.doFinal(CipherCore.java:853)
2021-04-07 17:28:12.219 [JavaFX Application Thread] INFO  com.CMD.exceptions.ExceptionUtil - 	at com.sun.crypto.provider.AESCipher.engineDoFinal(AESCipher.java:446)
2021-04-07 17:28:12.219 [JavaFX Application Thread] INFO  com.CMD.exceptions.ExceptionUtil - 	at javax.crypto.Cipher.doFinal(Cipher.java:2168)
2021-04-07 17:28:12.219 [JavaFX Application Thread] INFO  com.CMD.exceptions.ExceptionUtil - 	at com.CMD.encryption.EncryptionUtil.decrypt(EncryptionUtil.java:149)
2021-04-07 17:28:12.220 [JavaFX Application Thread] INFO  com.CMD.exceptions.ExceptionUtil - 	at com.CMD.encryption.EncryptionUtil.decrypt(EncryptionUtil.java:114)
2021-04-07 17:28:12.220 [JavaFX Application Thread] INFO  com.CMD.exceptions.ExceptionUtil - 	at com.CMD.data.model.MailServerInfo.getPassword(MailServerInfo.java:48)
2021-04-07 17:28:12.220 [JavaFX Application Thread] INFO  com.CMD.exceptions.ExceptionUtil - 	at com.CMD.ui.settings.SettingsController.loadMailServerConfigurations(SettingsController.java:114)
2021-04-07 17:28:12.220 [JavaFX Application Thread] INFO  com.CMD.exceptions.ExceptionUtil - 	at com.CMD.ui.settings.SettingsController.initDefaultValues(SettingsController.java:102)
2021-04-07 17:28:12.221 [JavaFX Application Thread] INFO  com.CMD.exceptions.ExceptionUtil - 	at com.CMD.ui.settings.SettingsController.initialize(SettingsController.java:73)
2021-04-07 17:28:12.221 [JavaFX Application Thread] INFO  com.CMD.exceptions.ExceptionUtil - 	at javafx.fxml.FXMLLoader.loadImpl(FXMLLoader.java:2548)
2021-04-07 17:28:12.221 [JavaFX Application Thread] INFO  com.CMD.exceptions.ExceptionUtil - 	at javafx.fxml.FXMLLoader.loadImpl(FXMLLoader.java:2441)
2021-04-07 17:28:12.221 [JavaFX Application Thread] INFO  com.CMD.exceptions.ExceptionUtil - 	at javafx.fxml.FXMLLoader.loadImpl(FXMLLoader.java:3214)
2021-04-07 17:28:12.221 [JavaFX Application Thread] INFO  com.CMD.exceptions.ExceptionUtil - 	at javafx.fxml.FXMLLoader.loadImpl(FXMLLoader.java:3175)
2021-04-07 17:28:12.221 [JavaFX Application Thread] INFO  com.CMD.exceptions.ExceptionUtil - 	at javafx.fxml.FXMLLoader.loadImpl(FXMLLoader.java:3148)
2021-04-07 17:28:12.222 [JavaFX Application Thread] INFO  com.CMD.exceptions.ExceptionUtil - 	at javafx.fxml.FXMLLoader.loadImpl(FXMLLoader.java:3124)
2021-04-07 17:28:12.222 [JavaFX Application Thread] INFO  com.CMD.exceptions.ExceptionUtil - 	at javafx.fxml.FXMLLoader.loadImpl(FXMLLoader.java:3104)
2021-04-07 17:28:12.222 [JavaFX Application Thread] INFO  com.CMD.exceptions.ExceptionUtil - 	at javafx.fxml.FXMLLoader.load(FXMLLoader.java:3097)
2021-04-07 17:28:12.222 [JavaFX Application Thread] INFO  com.CMD.exceptions.ExceptionUtil - 	at com.CMD.ui.main.drawer.DrawerController.loadWindow(DrawerController.java:82)
2021-04-07 17:28:12.223 [JavaFX Application Thread] INFO  com.CMD.exceptions.ExceptionUtil - 	at com.CMD.ui.main.drawer.DrawerController.handleButtonPressed(DrawerController.java:49)
2021-04-07 17:28:12.223 [JavaFX Application Thread] INFO  com.CMD.exceptions.ExceptionUtil - 	at sun.reflect.NativeMethodAccessorImpl.invoke0(Native Method)
2021-04-07 17:28:12.223 [JavaFX Application Thread] INFO  com.CMD.exceptions.ExceptionUtil - 	at sun.reflect.NativeMethodAccessorImpl.invoke(NativeMethodAccessorImpl.java:62)
2021-04-07 17:28:12.223 [JavaFX Application Thread] INFO  com.CMD.exceptions.ExceptionUtil - 	at sun.reflect.DelegatingMethodAccessorImpl.invoke(DelegatingMethodAccessorImpl.java:43)
2021-04-07 17:28:12.224 [JavaFX Application Thread] INFO  com.CMD.exceptions.ExceptionUtil - 	at java.lang.reflect.Method.invoke(Method.java:498)
2021-04-07 17:28:12.224 [JavaFX Application Thread] INFO  com.CMD.exceptions.ExceptionUtil - 	at sun.reflect.misc.Trampoline.invoke(MethodUtil.java:72)
2021-04-07 17:28:12.224 [JavaFX Application Thread] INFO  com.CMD.exceptions.ExceptionUtil - 	at sun.reflect.GeneratedMethodAccessor2.invoke(Unknown Source)
2021-04-07 17:28:12.224 [JavaFX Application Thread] INFO  com.CMD.exceptions.ExceptionUtil - 	at sun.reflect.DelegatingMethodAccessorImpl.invoke(DelegatingMethodAccessorImpl.java:43)
2021-04-07 17:28:12.225 [JavaFX Application Thread] INFO  com.CMD.exceptions.ExceptionUtil - 	at java.lang.reflect.Method.invoke(Method.java:498)
2021-04-07 17:28:12.225 [JavaFX Application Thread] INFO  com.CMD.exceptions.ExceptionUtil - 	at sun.reflect.misc.MethodUtil.invoke(MethodUtil.java:276)
2021-04-07 17:28:12.225 [JavaFX Application Thread] INFO  com.CMD.exceptions.ExceptionUtil - 	at javafx.fxml.FXMLLoader$MethodHandler.invoke(FXMLLoader.java:1769)
2021-04-07 17:28:12.225 [JavaFX Application Thread] INFO  com.CMD.exceptions.ExceptionUtil - 	at javafx.fxml.FXMLLoader$ControllerMethodEventHandler.handle(FXMLLoader.java:1657)
2021-04-07 17:28:12.225 [JavaFX Application Thread] INFO  com.CMD.exceptions.ExceptionUtil - 	at com.sun.javafx.event.CompositeEventHandler.dispatchBubblingEvent(CompositeEventHandler.java:86)
2021-04-07 17:28:12.226 [JavaFX Application Thread] INFO  com.CMD.exceptions.ExceptionUtil - 	at com.sun.javafx.event.EventHandlerManager.dispatchBubblingEvent(EventHandlerManager.java:238)
2021-04-07 17:28:12.226 [JavaFX Application Thread] INFO  com.CMD.exceptions.ExceptionUtil - 	at com.sun.javafx.event.EventHandlerManager.dispatchBubblingEvent(EventHandlerManager.java:191)
2021-04-07 17:28:12.226 [JavaFX Application Thread] INFO  com.CMD.exceptions.ExceptionUtil - 	at com.sun.javafx.event.CompositeEventDispatcher.dispatchBubblingEvent(CompositeEventDispatcher.java:59)
2021-04-07 17:28:12.226 [JavaFX Application Thread] INFO  com.CMD.exceptions.ExceptionUtil - 	at com.sun.javafx.event.BasicEventDispatcher.dispatchEvent(BasicEventDispatcher.java:58)
2021-04-07 17:28:12.226 [JavaFX Application Thread] INFO  com.CMD.exceptions.ExceptionUtil - 	at com.sun.javafx.event.EventDispatchChainImpl.dispatchEvent(EventDispatchChainImpl.java:114)
2021-04-07 17:28:12.226 [JavaFX Application Thread] INFO  com.CMD.exceptions.ExceptionUtil - 	at com.sun.javafx.event.BasicEventDispatcher.dispatchEvent(BasicEventDispatcher.java:56)
2021-04-07 17:28:12.227 [JavaFX Application Thread] INFO  com.CMD.exceptions.ExceptionUtil - 	at com.sun.javafx.event.EventDispatchChainImpl.dispatchEvent(EventDispatchChainImpl.java:114)
2021-04-07 17:28:12.227 [JavaFX Application Thread] INFO  com.CMD.exceptions.ExceptionUtil - 	at com.sun.javafx.event.BasicEventDispatcher.dispatchEvent(BasicEventDispatcher.java:56)
2021-04-07 17:28:12.227 [JavaFX Application Thread] INFO  com.CMD.exceptions.ExceptionUtil - 	at com.sun.javafx.event.EventDispatchChainImpl.dispatchEvent(EventDispatchChainImpl.java:114)
2021-04-07 17:28:12.227 [JavaFX Application Thread] INFO  com.CMD.exceptions.ExceptionUtil - 	at com.sun.javafx.event.BasicEventDispatcher.dispatchEvent(BasicEventDispatcher.java:56)
2021-04-07 17:28:12.227 [JavaFX Application Thread] INFO  com.CMD.exceptions.ExceptionUtil - 	at com.sun.javafx.event.EventDispatchChainImpl.dispatchEvent(EventDispatchChainImpl.java:114)
2021-04-07 17:28:12.228 [JavaFX Application Thread] INFO  com.CMD.exceptions.ExceptionUtil - 	at com.sun.javafx.event.BasicEventDispatcher.dispatchEvent(BasicEventDispatcher.java:56)
2021-04-07 17:28:12.228 [JavaFX Application Thread] INFO  com.CMD.exceptions.ExceptionUtil - 	at com.sun.javafx.event.EventDispatchChainImpl.dispatchEvent(EventDispatchChainImpl.java:114)
2021-04-07 17:28:12.228 [JavaFX Application Thread] INFO  com.CMD.exceptions.ExceptionUtil - 	at com.sun.javafx.event.BasicEventDispatcher.dispatchEvent(BasicEventDispatcher.java:56)
2021-04-07 17:28:12.228 [JavaFX Application Thread] INFO  com.CMD.exceptions.ExceptionUtil - 	at com.sun.javafx.event.EventDispatchChainImpl.dispatchEvent(EventDispatchChainImpl.java:114)
2021-04-07 17:28:12.228 [JavaFX Application Thread] INFO  com.CMD.exceptions.ExceptionUtil - 	at com.sun.javafx.event.EventUtil.fireEventImpl(EventUtil.java:74)
2021-04-07 17:28:12.229 [JavaFX Application Thread] INFO  com.CMD.exceptions.ExceptionUtil - 	at com.sun.javafx.event.EventUtil.fireEvent(EventUtil.java:49)
2021-04-07 17:28:12.229 [JavaFX Application Thread] INFO  com.CMD.exceptions.ExceptionUtil - 	at javafx.event.Event.fireEvent(Event.java:198)
2021-04-07 17:28:12.229 [JavaFX Application Thread] INFO  com.CMD.exceptions.ExceptionUtil - 	at javafx.scene.Node.fireEvent(Node.java:8411)
2021-04-07 17:28:12.229 [JavaFX Application Thread] INFO  com.CMD.exceptions.ExceptionUtil - 	at javafx.scene.control.Button.fire(Button.java:185)
2021-04-07 17:28:12.229 [JavaFX Application Thread] INFO  com.CMD.exceptions.ExceptionUtil - 	at com.sun.javafx.scene.control.behavior.ButtonBehavior.mouseReleased(ButtonBehavior.java:182)
2021-04-07 17:28:12.229 [JavaFX Application Thread] INFO  com.CMD.exceptions.ExceptionUtil - 	at com.sun.javafx.scene.control.skin.BehaviorSkinBase$1.handle(BehaviorSkinBase.java:96)
2021-04-07 17:28:12.230 [JavaFX Application Thread] INFO  com.CMD.exceptions.ExceptionUtil - 	at com.sun.javafx.scene.control.skin.BehaviorSkinBase$1.handle(BehaviorSkinBase.java:89)
2021-04-07 17:28:12.230 [JavaFX Application Thread] INFO  com.CMD.exceptions.ExceptionUtil - 	at com.sun.javafx.event.CompositeEventHandler$NormalEventHandlerRecord.handleBubblingEvent(CompositeEventHandler.java:218)
2021-04-07 17:28:12.230 [JavaFX Application Thread] INFO  com.CMD.exceptions.ExceptionUtil - 	at com.sun.javafx.event.CompositeEventHandler.dispatchBubblingEvent(CompositeEventHandler.java:80)
2021-04-07 17:28:12.230 [JavaFX Application Thread] INFO  com.CMD.exceptions.ExceptionUtil - 	at com.sun.javafx.event.EventHandlerManager.dispatchBubblingEvent(EventHandlerManager.java:238)
2021-04-07 17:28:12.231 [JavaFX Application Thread] INFO  com.CMD.exceptions.ExceptionUtil - 	at com.sun.javafx.event.EventHandlerManager.dispatchBubblingEvent(EventHandlerManager.java:191)
2021-04-07 17:28:12.231 [JavaFX Application Thread] INFO  com.CMD.exceptions.ExceptionUtil - 	at com.sun.javafx.event.CompositeEventDispatcher.dispatchBubblingEvent(CompositeEventDispatcher.java:59)
2021-04-07 17:28:12.231 [JavaFX Application Thread] INFO  com.CMD.exceptions.ExceptionUtil - 	at com.sun.javafx.event.BasicEventDispatcher.dispatchEvent(BasicEventDispatcher.java:58)
2021-04-07 17:28:12.231 [JavaFX Application Thread] INFO  com.CMD.exceptions.ExceptionUtil - 	at com.sun.javafx.event.EventDispatchChainImpl.dispatchEvent(EventDispatchChainImpl.java:114)
2021-04-07 17:28:12.231 [JavaFX Application Thread] INFO  com.CMD.exceptions.ExceptionUtil - 	at com.sun.javafx.event.BasicEventDispatcher.dispatchEvent(BasicEventDispatcher.java:56)
2021-04-07 17:28:12.231 [JavaFX Application Thread] INFO  com.CMD.exceptions.ExceptionUtil - 	at com.sun.javafx.event.EventDispatchChainImpl.dispatchEvent(EventDispatchChainImpl.java:114)
2021-04-07 17:28:12.232 [JavaFX Application Thread] INFO  com.CMD.exceptions.ExceptionUtil - 	at com.sun.javafx.event.BasicEventDispatcher.dispatchEvent(BasicEventDispatcher.java:56)
2021-04-07 17:28:12.232 [JavaFX Application Thread] INFO  com.CMD.exceptions.ExceptionUtil - 	at com.sun.javafx.event.EventDispatchChainImpl.dispatchEvent(EventDispatchChainImpl.java:114)
2021-04-07 17:28:12.232 [JavaFX Application Thread] INFO  com.CMD.exceptions.ExceptionUtil - 	at com.sun.javafx.event.BasicEventDispatcher.dispatchEvent(BasicEventDispatcher.java:56)
2021-04-07 17:28:12.232 [JavaFX Application Thread] INFO  com.CMD.exceptions.ExceptionUtil - 	at com.sun.javafx.event.EventDispatchChainImpl.dispatchEvent(EventDispatchChainImpl.java:114)
2021-04-07 17:28:12.232 [JavaFX Application Thread] INFO  com.CMD.exceptions.ExceptionUtil - 	at com.sun.javafx.event.BasicEventDispatcher.dispatchEvent(BasicEventDispatcher.java:56)
2021-04-07 17:28:12.233 [JavaFX Application Thread] INFO  com.CMD.exceptions.ExceptionUtil - 	at com.sun.javafx.event.EventDispatchChainImpl.dispatchEvent(EventDispatchChainImpl.java:114)
2021-04-07 17:28:12.233 [JavaFX Application Thread] INFO  com.CMD.exceptions.ExceptionUtil - 	at com.sun.javafx.event.BasicEventDispatcher.dispatchEvent(BasicEventDispatcher.java:56)
2021-04-07 17:28:12.233 [JavaFX Application Thread] INFO  com.CMD.exceptions.ExceptionUtil - 	at com.sun.javafx.event.EventDispatchChainImpl.dispatchEvent(EventDispatchChainImpl.java:114)
2021-04-07 17:28:12.233 [JavaFX Application Thread] INFO  com.CMD.exceptions.ExceptionUtil - 	at com.sun.javafx.event.EventUtil.fireEventImpl(EventUtil.java:74)
2021-04-07 17:28:12.233 [JavaFX Application Thread] INFO  com.CMD.exceptions.ExceptionUtil - 	at com.sun.javafx.event.EventUtil.fireEvent(EventUtil.java:54)
2021-04-07 17:28:12.234 [JavaFX Application Thread] INFO  com.CMD.exceptions.ExceptionUtil - 	at javafx.event.Event.fireEvent(Event.java:198)
2021-04-07 17:28:12.234 [JavaFX Application Thread] INFO  com.CMD.exceptions.ExceptionUtil - 	at javafx.scene.Scene$MouseHandler.process(Scene.java:3757)
2021-04-07 17:28:12.234 [JavaFX Application Thread] INFO  com.CMD.exceptions.ExceptionUtil - 	at javafx.scene.Scene$MouseHandler.access$1500(Scene.java:3485)
2021-04-07 17:28:12.234 [JavaFX Application Thread] INFO  com.CMD.exceptions.ExceptionUtil - 	at javafx.scene.Scene.impl_processMouseEvent(Scene.java:1762)
2021-04-07 17:28:12.234 [JavaFX Application Thread] INFO  com.CMD.exceptions.ExceptionUtil - 	at javafx.scene.Scene$ScenePeerListener.mouseEvent(Scene.java:2494)
2021-04-07 17:28:12.235 [JavaFX Application Thread] INFO  com.CMD.exceptions.ExceptionUtil - 	at com.sun.javafx.tk.quantum.GlassViewEventHandler$MouseEventNotification.run(GlassViewEventHandler.java:394)
2021-04-07 17:28:12.235 [JavaFX Application Thread] INFO  com.CMD.exceptions.ExceptionUtil - 	at com.sun.javafx.tk.quantum.GlassViewEventHandler$MouseEventNotification.run(GlassViewEventHandler.java:295)
2021-04-07 17:28:12.235 [JavaFX Application Thread] INFO  com.CMD.exceptions.ExceptionUtil - 	at java.security.AccessController.doPrivileged(Native Method)
2021-04-07 17:28:12.235 [JavaFX Application Thread] INFO  com.CMD.exceptions.ExceptionUtil - 	at com.sun.javafx.tk.quantum.GlassViewEventHandler.lambda$handleMouseEvent$2(GlassViewEventHandler.java:432)
2021-04-07 17:28:12.235 [JavaFX Application Thread] INFO  com.CMD.exceptions.ExceptionUtil - 	at com.sun.javafx.tk.quantum.QuantumToolkit.runWithoutRenderLock(QuantumToolkit.java:389)
2021-04-07 17:28:12.236 [JavaFX Application Thread] INFO  com.CMD.exceptions.ExceptionUtil - 	at com.sun.javafx.tk.quantum.GlassViewEventHandler.handleMouseEvent(GlassViewEventHandler.java:431)
2021-04-07 17:28:12.236 [JavaFX Application Thread] INFO  com.CMD.exceptions.ExceptionUtil - 	at com.sun.glass.ui.View.handleMouseEvent(View.java:555)
2021-04-07 17:28:12.236 [JavaFX Application Thread] INFO  com.CMD.exceptions.ExceptionUtil - 	at com.sun.glass.ui.View.notifyMouse(View.java:937)
2021-04-07 17:28:12.236 [JavaFX Application Thread] INFO  com.CMD.exceptions.ExceptionUtil - 	at com.sun.glass.ui.win.WinApplication._runLoop(Native Method)
2021-04-07 17:28:12.236 [JavaFX Application Thread] INFO  com.CMD.exceptions.ExceptionUtil - 	at com.sun.glass.ui.win.WinApplication.lambda$null$3(WinApplication.java:177)
2021-04-07 17:28:12.236 [JavaFX Application Thread] INFO  com.CMD.exceptions.ExceptionUtil - 	at java.lang.Thread.run(Thread.java:748)
2021-04-07 17:30:39.765 [Thread-10] INFO  com.CMD.ui.main.Main - CMD Team Collation App is closing on 07-04-2021 05:27:51 PM. Used for 1617813039764 ms
